<?xml version="1.0" encoding="UTF-8"?>
<testsuite xmlns:xsi="http://www.w3.org/2001/XMLSchema-instance" xsi:noNamespaceSchemaLocation="https://maven.apache.org/surefire/maven-surefire-plugin/xsd/surefire-test-report.xsd" name="MySeleniumSessionsClasses.MySeleniumSessionsClasses.AppTest" time="78.35" tests="5" errors="0" skipped="0" failures="0">
  <properties>
[...]
</properties>
  <testcase name="casoDePruebaTitleHP" classname="MySeleniumSessionsClasses.MySeleniumSessionsClasses.AppTest" time="7.489"/>
  <testcase name="casoDePruebaBarraDeBusqueda" classname="MySeleniumSessionsClasses.MySeleniumSessionsClasses.AppTest" time="8.908"/>
  <testcase name="casoDePruebaUrlSearch" classname="MySeleniumSessionsClasses.MySeleniumSessionsClasses.AppTest" time="8.948"/>
  <testcase name="casoDePruebaCalculadoraWebHP" classname="MySeleniumSessionsClasses.MySeleniumSessionsClasses.AppTest" time="25.365"/>
  <testcase name="casoDePruebaCalculadoraWebUP" classname="MySeleniumSessionsClasses.MySeleniumSessionsClasses.AppTest" time="27.577"/>
</testsuite>